0 info it worked if it ends with ok
1 verbose cli [ '/usr/local/bin/node', '/usr/local/bin/npm', 'install' ]
2 info using npm@3.10.9
3 info using node@v6.9.2
4 silly loadCurrentTree Starting
5 silly install loadCurrentTree
6 silly install readLocalPackageData
7 silly install normalizeTree
8 silly loadCurrentTree Finishing
9 silly loadIdealTree Starting
10 silly install loadIdealTree
11 silly cloneCurrentTree Starting
12 silly install cloneCurrentTreeToIdealTree
13 silly cloneCurrentTree Finishing
14 silly loadShrinkwrap Starting
15 silly install loadShrinkwrap
16 silly loadShrinkwrap Finishing
17 silly loadAllDepsIntoIdealTree Starting
18 silly install loadAllDepsIntoIdealTree
19 silly fetchNamedPackageData org.roylance.yaas.api
20 silly mapToRegistry name org.roylance.yaas.api
21 silly mapToRegistry using default registry
22 silly mapToRegistry registry https://registry.npmjs.org/
23 silly mapToRegistry data Result {
23 silly mapToRegistry   raw: 'org.roylance.yaas.api',
23 silly mapToRegistry   scope: null,
23 silly mapToRegistry   escapedName: 'org.roylance.yaas.api',
23 silly mapToRegistry   name: 'org.roylance.yaas.api',
23 silly mapToRegistry   rawSpec: '',
23 silly mapToRegistry   spec: 'latest',
23 silly mapToRegistry   type: 'tag' }
24 silly mapToRegistry uri https://registry.npmjs.org/org.roylance.yaas.api
25 verbose request uri https://registry.npmjs.org/org.roylance.yaas.api
26 verbose request no auth needed
27 info attempt registry request try #1 at 1:07:45 AM
28 verbose request using bearer token for auth
29 verbose request id 6f829ef33f5d159d
30 http request GET https://registry.npmjs.org/org.roylance.yaas.api
31 http 200 https://registry.npmjs.org/org.roylance.yaas.api
32 verbose headers { server: 'nginx/1.10.1',
32 verbose headers   'content-type': 'application/json',
32 verbose headers   'last-modified': 'Sat, 17 Jun 2017 07:04:47 GMT',
32 verbose headers   etag: 'W/"5944d48f-152c9"',
32 verbose headers   'content-encoding': 'gzip',
32 verbose headers   'cache-control': 'max-age=300',
32 verbose headers   'transfer-encoding': 'chunked',
32 verbose headers   'accept-ranges': 'bytes',
32 verbose headers   date: 'Sat, 17 Jun 2017 07:07:45 GMT',
32 verbose headers   via: '1.1 varnish',
32 verbose headers   connection: 'keep-alive',
32 verbose headers   'x-served-by': 'cache-den6025-DEN',
32 verbose headers   'x-cache': 'MISS',
32 verbose headers   'x-cache-hits': '0',
32 verbose headers   'x-timer': 'S1497683265.457345,VS0,VE54',
32 verbose headers   vary: 'Accept-Encoding' }
33 silly get cb [ 200,
33 silly get   { server: 'nginx/1.10.1',
33 silly get     'content-type': 'application/json',
33 silly get     'last-modified': 'Sat, 17 Jun 2017 07:04:47 GMT',
33 silly get     etag: 'W/"5944d48f-152c9"',
33 silly get     'content-encoding': 'gzip',
33 silly get     'cache-control': 'max-age=300',
33 silly get     'transfer-encoding': 'chunked',
33 silly get     'accept-ranges': 'bytes',
33 silly get     date: 'Sat, 17 Jun 2017 07:07:45 GMT',
33 silly get     via: '1.1 varnish',
33 silly get     connection: 'keep-alive',
33 silly get     'x-served-by': 'cache-den6025-DEN',
33 silly get     'x-cache': 'MISS',
33 silly get     'x-cache-hits': '0',
33 silly get     'x-timer': 'S1497683265.457345,VS0,VE54',
33 silly get     vary: 'Accept-Encoding' } ]
34 verbose get saving org.roylance.yaas.api to /Users/mroylance/.npm/registry.npmjs.org/org.roylance.yaas.api/.cache.json
35 verbose correctMkdir /Users/mroylance/.npm correctMkdir not in flight; initializing
36 silly resolveWithNewModule org.roylance.yaas.api@0.176.0 checking installable status
37 silly cache add args [ 'org.roylance.yaas.api@0.176.0', null ]
38 verbose cache add spec org.roylance.yaas.api@0.176.0
39 silly cache add parsed spec Result {
39 silly cache add   raw: 'org.roylance.yaas.api@0.176.0',
39 silly cache add   scope: null,
39 silly cache add   escapedName: 'org.roylance.yaas.api',
39 silly cache add   name: 'org.roylance.yaas.api',
39 silly cache add   rawSpec: '0.176.0',
39 silly cache add   spec: '0.176.0',
39 silly cache add   type: 'version' }
40 silly addNamed org.roylance.yaas.api@0.176.0
41 verbose addNamed "0.176.0" is a plain semver version for org.roylance.yaas.api
42 silly mapToRegistry name org.roylance.yaas.api
43 silly mapToRegistry using default registry
44 silly mapToRegistry registry https://registry.npmjs.org/
45 silly mapToRegistry data Result {
45 silly mapToRegistry   raw: 'org.roylance.yaas.api',
45 silly mapToRegistry   scope: null,
45 silly mapToRegistry   escapedName: 'org.roylance.yaas.api',
45 silly mapToRegistry   name: 'org.roylance.yaas.api',
45 silly mapToRegistry   rawSpec: '',
45 silly mapToRegistry   spec: 'latest',
45 silly mapToRegistry   type: 'tag' }
46 silly mapToRegistry uri https://registry.npmjs.org/org.roylance.yaas.api
47 verbose addNameVersion registry:https://registry.npmjs.org/org.roylance.yaas.api not in flight; fetching
48 verbose get https://registry.npmjs.org/org.roylance.yaas.api not expired, no request
49 silly cache afterAdd org.roylance.yaas.api@0.176.0
50 verbose afterAdd /Users/mroylance/.npm/org.roylance.yaas.api/0.176.0/package/package.json not in flight; writing
51 verbose correctMkdir /Users/mroylance/.npm correctMkdir not in flight; initializing
52 verbose afterAdd /Users/mroylance/.npm/org.roylance.yaas.api/0.176.0/package/package.json written
53 silly fetchNamedPackageData roylance.common
54 silly mapToRegistry name roylance.common
55 silly mapToRegistry using default registry
56 silly mapToRegistry registry https://registry.npmjs.org/
57 silly mapToRegistry data Result {
57 silly mapToRegistry   raw: 'roylance.common',
57 silly mapToRegistry   scope: null,
57 silly mapToRegistry   escapedName: 'roylance.common',
57 silly mapToRegistry   name: 'roylance.common',
57 silly mapToRegistry   rawSpec: '',
57 silly mapToRegistry   spec: 'latest',
57 silly mapToRegistry   type: 'tag' }
58 silly mapToRegistry uri https://registry.npmjs.org/roylance.common
59 verbose request uri https://registry.npmjs.org/roylance.common
60 verbose request no auth needed
61 info attempt registry request try #1 at 1:07:45 AM
62 verbose request using bearer token for auth
63 verbose etag W/"58dd690d-2236"
64 verbose lastModified Thu, 30 Mar 2017 20:22:37 GMT
65 http request GET https://registry.npmjs.org/roylance.common
66 http 304 https://registry.npmjs.org/roylance.common
67 verbose headers { server: 'nginx/1.10.1',
67 verbose headers   'last-modified': 'Thu, 30 Mar 2017 20:22:37 GMT',
67 verbose headers   etag: '"58dd690d-2236"',
67 verbose headers   'cache-control': 'max-age=300',
67 verbose headers   'accept-ranges': 'bytes',
67 verbose headers   date: 'Sat, 17 Jun 2017 07:07:45 GMT',
67 verbose headers   via: '1.1 varnish',
67 verbose headers   connection: 'keep-alive',
67 verbose headers   'x-served-by': 'cache-den6025-DEN',
67 verbose headers   'x-cache': 'MISS',
67 verbose headers   'x-cache-hits': '0',
67 verbose headers   'x-timer': 'S1497683266.592216,VS0,VE52',
67 verbose headers   vary: 'Accept-Encoding' }
68 silly get cb [ 304,
68 silly get   { server: 'nginx/1.10.1',
68 silly get     'last-modified': 'Thu, 30 Mar 2017 20:22:37 GMT',
68 silly get     etag: '"58dd690d-2236"',
68 silly get     'cache-control': 'max-age=300',
68 silly get     'accept-ranges': 'bytes',
68 silly get     date: 'Sat, 17 Jun 2017 07:07:45 GMT',
68 silly get     via: '1.1 varnish',
68 silly get     connection: 'keep-alive',
68 silly get     'x-served-by': 'cache-den6025-DEN',
68 silly get     'x-cache': 'MISS',
68 silly get     'x-cache-hits': '0',
68 silly get     'x-timer': 'S1497683266.592216,VS0,VE52',
68 silly get     vary: 'Accept-Encoding' } ]
69 verbose etag https://registry.npmjs.org/roylance.common from cache
70 verbose get saving roylance.common to /Users/mroylance/.npm/registry.npmjs.org/roylance.common/.cache.json
71 verbose correctMkdir /Users/mroylance/.npm correctMkdir not in flight; initializing
72 silly fetchNamedPackageData No valid target from cache, forcing network
73 verbose request uri https://registry.npmjs.org/roylance.common
74 verbose request no auth needed
75 info attempt registry request try #1 at 1:07:45 AM
76 verbose request using bearer token for auth
77 http request GET https://registry.npmjs.org/roylance.common
78 http 200 https://registry.npmjs.org/roylance.common
79 verbose headers { server: 'nginx/1.10.1',
79 verbose headers   'content-type': 'application/json',
79 verbose headers   'last-modified': 'Thu, 30 Mar 2017 20:22:37 GMT',
79 verbose headers   etag: 'W/"58dd690d-2236"',
79 verbose headers   'content-encoding': 'gzip',
79 verbose headers   'cache-control': 'max-age=300',
79 verbose headers   'transfer-encoding': 'chunked',
79 verbose headers   'accept-ranges': 'bytes',
79 verbose headers   date: 'Sat, 17 Jun 2017 07:07:45 GMT',
79 verbose headers   via: '1.1 varnish',
79 verbose headers   connection: 'keep-alive',
79 verbose headers   'x-served-by': 'cache-den6025-DEN',
79 verbose headers   'x-cache': 'MISS',
79 verbose headers   'x-cache-hits': '0',
79 verbose headers   'x-timer': 'S1497683266.670067,VS0,VE53',
79 verbose headers   vary: 'Accept-Encoding' }
80 silly get cb [ 200,
80 silly get   { server: 'nginx/1.10.1',
80 silly get     'content-type': 'application/json',
80 silly get     'last-modified': 'Thu, 30 Mar 2017 20:22:37 GMT',
80 silly get     etag: 'W/"58dd690d-2236"',
80 silly get     'content-encoding': 'gzip',
80 silly get     'cache-control': 'max-age=300',
80 silly get     'transfer-encoding': 'chunked',
80 silly get     'accept-ranges': 'bytes',
80 silly get     date: 'Sat, 17 Jun 2017 07:07:45 GMT',
80 silly get     via: '1.1 varnish',
80 silly get     connection: 'keep-alive',
80 silly get     'x-served-by': 'cache-den6025-DEN',
80 silly get     'x-cache': 'MISS',
80 silly get     'x-cache-hits': '0',
80 silly get     'x-timer': 'S1497683266.670067,VS0,VE53',
80 silly get     vary: 'Accept-Encoding' } ]
81 verbose get saving roylance.common to /Users/mroylance/.npm/registry.npmjs.org/roylance.common/.cache.json
82 verbose correctMkdir /Users/mroylance/.npm correctMkdir not in flight; initializing
83 silly fetchPackageMetaData Error: No compatible version found: roylance.common@^0.18.0
83 silly fetchPackageMetaData Valid install targets:
83 silly fetchPackageMetaData 0.17.0, 0.16.0, 0.15.0, 0.13.0, 0.12.0, 0.11.0, 0.10.0, 0.9.0, 0.8.0, 0.7.0
83 silly fetchPackageMetaData
83 silly fetchPackageMetaData     at pickVersionFromRegistryDocument (/usr/local/lib/node_modules/npm/lib/fetch-package-metadata.js:178:16)
83 silly fetchPackageMetaData     at /usr/local/lib/node_modules/npm/node_modules/iferr/index.js:13:50
83 silly fetchPackageMetaData     at /usr/local/lib/node_modules/npm/lib/utils/pulse-till-done.js:20:8
83 silly fetchPackageMetaData     at saved (/usr/local/lib/node_modules/npm/lib/cache/caching-client.js:174:7)
83 silly fetchPackageMetaData     at /usr/local/lib/node_modules/npm/node_modules/graceful-fs/polyfills.js:241:18
83 silly fetchPackageMetaData     at FSReqWrap.oncomplete (fs.js:123:15)
83 silly fetchPackageMetaData  error for roylance.common@^0.18.0 { Error: No compatible version found: roylance.common@^0.18.0
83 silly fetchPackageMetaData Valid install targets:
83 silly fetchPackageMetaData 0.17.0, 0.16.0, 0.15.0, 0.13.0, 0.12.0, 0.11.0, 0.10.0, 0.9.0, 0.8.0, 0.7.0
83 silly fetchPackageMetaData
83 silly fetchPackageMetaData     at pickVersionFromRegistryDocument (/usr/local/lib/node_modules/npm/lib/fetch-package-metadata.js:178:16)
83 silly fetchPackageMetaData     at /usr/local/lib/node_modules/npm/node_modules/iferr/index.js:13:50
83 silly fetchPackageMetaData     at /usr/local/lib/node_modules/npm/lib/utils/pulse-till-done.js:20:8
83 silly fetchPackageMetaData     at saved (/usr/local/lib/node_modules/npm/lib/cache/caching-client.js:174:7)
83 silly fetchPackageMetaData     at /usr/local/lib/node_modules/npm/node_modules/graceful-fs/polyfills.js:241:18
83 silly fetchPackageMetaData     at FSReqWrap.oncomplete (fs.js:123:15) code: 'ETARGET' }
84 silly rollbackFailedOptional Starting
85 silly rollbackFailedOptional Finishing
86 silly runTopLevelLifecycles Finishing
87 silly install printInstalled
88 verbose stack Error: No compatible version found: roylance.common@^0.18.0
88 verbose stack Valid install targets:
88 verbose stack 0.17.0, 0.16.0, 0.15.0, 0.13.0, 0.12.0, 0.11.0, 0.10.0, 0.9.0, 0.8.0, 0.7.0
88 verbose stack
88 verbose stack     at pickVersionFromRegistryDocument (/usr/local/lib/node_modules/npm/lib/fetch-package-metadata.js:178:16)
88 verbose stack     at /usr/local/lib/node_modules/npm/node_modules/iferr/index.js:13:50
88 verbose stack     at /usr/local/lib/node_modules/npm/lib/utils/pulse-till-done.js:20:8
88 verbose stack     at saved (/usr/local/lib/node_modules/npm/lib/cache/caching-client.js:174:7)
88 verbose stack     at /usr/local/lib/node_modules/npm/node_modules/graceful-fs/polyfills.js:241:18
88 verbose stack     at FSReqWrap.oncomplete (fs.js:123:15)
89 verbose cwd /Users/mroylance/yaas/sapi/src/main/javascript
90 error Darwin 16.6.0
91 error argv "/usr/local/bin/node" "/usr/local/bin/npm" "install"
92 error node v6.9.2
93 error npm  v3.10.9
94 error code ETARGET
95 error notarget No compatible version found: roylance.common@^0.18.0
95 error notarget Valid install targets:
95 error notarget 0.17.0, 0.16.0, 0.15.0, 0.13.0, 0.12.0, 0.11.0, 0.10.0, 0.9.0, 0.8.0, 0.7.0
96 error notarget This is most likely not a problem with npm itself.
96 error notarget In most cases you or one of your dependencies are requesting
96 error notarget a package version that doesn't exist.
96 error notarget
96 error notarget It was specified as a dependency of 'org.roylance.yaas.api'
97 verbose exit [ 1, true ]
